C51 COMPILER V9.59.0.0   SYSTEMFUNC                                                        04/30/2019 00:28:34 PAGE 1   


C51 COMPILER V9.59.0.0, COMPILATION OF MODULE SYSTEMFUNC
OBJECT MODULE PLACED IN .\Objects\SystemFunc.obj
COMPILER INVOKED BY: D:\KEIL_C51\C51\BIN\C51.EXE code\SystemFunc.c OPTIMIZE(8,SPEED) BROWSE DEBUG OBJECTEXTEND PRINT(.\L
                    -istings\SystemFunc.lst) TABS(2) OBJECT(.\Objects\SystemFunc.obj)

line level    source

   1          #include "SystemFunc.h"
   2          
   3          extern uchar dis_buff[4];
   4          extern uchar Dis_code[];
   5          
   6          
   7          /************************************************
   8          作用：毫秒级延时函数
   9          输入：del 延时时长
  10          ************************************************/
  11          void Delay(uint del)
  12          {
  13   1        uint i,j;
  14   1        for(i=0; i<del; i++)
  15   1        for(j=0; j<192; j++)   
  16   1        ;
  17   1      }
  18          
  19          /************************************************
  20          作用：转换数码管显示
  21          输入：时间
  22          ************************************************/
  23          void Bin2Bcd(int time)
  24          {
  25   1        int hour, minute;
  26   1        // 计算时分
  27   1        hour=time/60;
  28   1        minute=time%60;
  29   1        dis_buff[3]=hour/10;
  30   1        dis_buff[2]=hour%10;
  31   1        dis_buff[1]=minute/10;
  32   1        dis_buff[0]=minute%10;
  33   1      }
  34          
  35          /************************************************
  36          作用：数码管显示
  37          ************************************************/
  38          void display(void)
  39          {
  40   1        uchar i;
  41   1        uchar is_open = 0;
  42   1        for(i=0;i<4;i++)
  43   1        {
  44   2          is_open = (P2 & 0x20) | 0xdf;
  45   2          P2 = is_open & ~(0x08>>i);
  46   2          P0=Dis_code[dis_buff[i]];
  47   2          Delay(1);
  48   2          P0 = 0xff;
  49   2        }
  50   1      }
  51          
  52          /************************************************
  53          作用：初始化中断
  54          ************************************************/
C51 COMPILER V9.59.0.0   SYSTEMFUNC                                                        04/30/2019 00:28:34 PAGE 2   

  55          void INT_Init(void)
  56          {
  57   1        TMOD=0x01;  // 设置定时器0为工作方式1，16位定时/计数器
  58   1        // 50ms 请求一次中断
  59   1        TH0=0x4c;  // 高8位定时器初值
  60   1        TL0=0x00;  // 低8位定时器初值
  61   1        EA=1;  // 开总中断
  62   1        ET0=1;  // 定时器0中断允许
  63   1        TR0=1;  // 启动定时器0，开始计数
  64   1        EX1=1;
  65   1        IT1=1;
  66   1      }


MODULE INFORMATION:   STATIC OVERLAYABLE
   CODE SIZE        =    198    ----
   CONSTANT SIZE    =   ----    ----
   XDATA SIZE       =   ----    ----
   PDATA SIZE       =   ----    ----
   DATA SIZE        =   ----       3
   IDATA SIZE       =   ----    ----
   BIT SIZE         =   ----    ----
END OF MODULE INFORMATION.


C51 COMPILATION COMPLETE.  0 WARNING(S),  0 ERROR(S)
